<?xml version="1.0" encoding="UTF-8"?>
<testsuite name="ch02.ex09.VehicleTest" tests="8" skipped="0" failures="0" errors="0" timestamp="2019-09-19T09:46:49" hostname="A050952570" time="0.01">
  <properties/>
  <testcase name="vehicleId" classname="ch02.ex09.VehicleTest" time="0.005"/>
  <testcase name="direction" classname="ch02.ex09.VehicleTest" time="0.001"/>
  <testcase name="ownerName" classname="ch02.ex09.VehicleTest" time="0.002"/>
  <testcase name="makeCars" classname="ch02.ex09.VehicleTest" time="0.0"/>
  <testcase name="currentVelocity" classname="ch02.ex09.VehicleTest" time="0.0"/>
  <testcase name="carId" classname="ch02.ex09.VehicleTest" time="0.0"/>
  <testcase name="vehicleIdTest" classname="ch02.ex09.VehicleTest" time="0.0"/>
  <testcase name="maxVehicleId" classname="ch02.ex09.VehicleTest" time="0.001"/>
  <system-out><![CDATA[]]></system-out>
  <system-err><![CDATA[]]></system-err>
</testsuite>
