<?xml version="1.0" encoding="UTF-8"?>
<testsuite name="ch01.ex16.MyUtilitiesTest" tests="1" skipped="0" failures="0" errors="0" timestamp="2019-09-19T11:15:08" hostname="A050952570" time="0.007">
  <properties/>
  <testcase name="addFind" classname="ch01.ex16.MyUtilitiesTest" time="0.007"/>
  <system-out><![CDATA[]]></system-out>
  <system-err><![CDATA[]]></system-err>
</testsuite>
